[debug] [2025-04-02T18:23:52.519Z] ----------------------------------------------------------------------
[debug] [2025-04-02T18:23:52.522Z] Command:       C:\Program Files\nodejs\node.exe C:\Users\User\AppData\Roaming\npm\node_modules\firebase-tools\lib\bin\firebase.js init
[debug] [2025-04-02T18:23:52.522Z] CLI Version:   14.0.1
[debug] [2025-04-02T18:23:52.523Z] Platform:      win32
[debug] [2025-04-02T18:23:52.523Z] Node Version:  v22.14.0
[debug] [2025-04-02T18:23:52.523Z] Time:          Wed Apr 02 2025 20:23:52 GMT+0200 (South Africa Standard Time)
[debug] [2025-04-02T18:23:52.523Z] ----------------------------------------------------------------------
[debug] 
[debug] [2025-04-02T18:23:52.532Z] > command requires scopes: ["email","openid","https://www.googleapis.com/auth/cloudplatformprojects.readonly","https://www.googleapis.com/auth/firebase","https://www.googleapis.com/auth/cloud-platform"]
[debug] [2025-04-02T18:23:52.532Z] > authorizing via signed-in user (fistonfle04@gmail.com)
[info] 
     ######## #### ########  ######## ########     ###     ######  ########
     ##        ##  ##     ## ##       ##     ##  ##   ##  ##       ##
     ######    ##  ########  ######   ########  #########  ######  ######
     ##        ##  ##    ##  ##       ##     ## ##     ##       ## ##
     ##       #### ##     ## ######## ########  ##     ##  ######  ########

You're about to initialize a Firebase project in this directory:

  C:\Users\User\Documents\ALU-COURSES\gym-management-system\gym-management-backend

[debug] [2025-04-02T18:24:56.234Z] ----------------------------------------------------------------------
[debug] [2025-04-02T18:24:56.237Z] Command:       C:\Program Files\nodejs\node.exe C:\Users\User\AppData\Roaming\npm\node_modules\firebase-tools\lib\bin\firebase.js init
[debug] [2025-04-02T18:24:56.238Z] CLI Version:   14.0.1
[debug] [2025-04-02T18:24:56.238Z] Platform:      win32
[debug] [2025-04-02T18:24:56.238Z] Node Version:  v22.14.0
[debug] [2025-04-02T18:24:56.239Z] Time:          Wed Apr 02 2025 20:24:56 GMT+0200 (South Africa Standard Time)
[debug] [2025-04-02T18:24:56.239Z] ----------------------------------------------------------------------
[debug] 
[debug] [2025-04-02T18:24:56.246Z] > command requires scopes: ["email","openid","https://www.googleapis.com/auth/cloudplatformprojects.readonly","https://www.googleapis.com/auth/firebase","https://www.googleapis.com/auth/cloud-platform"]
[debug] [2025-04-02T18:24:56.247Z] > authorizing via signed-in user (fistonfle04@gmail.com)
[info] 
     ######## #### ########  ######## ########     ###     ######  ########
     ##        ##  ##     ## ##       ##     ##  ##   ##  ##       ##
     ######    ##  ########  ######   ########  #########  ######  ######
     ##        ##  ##    ##  ##       ##     ## ##     ##       ## ##
     ##       #### ##     ## ######## ########  ##     ##  ######  ########

You're about to initialize a Firebase project in this directory:

  C:\Users\User\Documents\ALU-COURSES\gym-management-system\gym-management-backend

[info] 
=== Project Setup
[info] 
[info] First, let's associate this project directory with a Firebase project.
[info] You can create multiple project aliases by running firebase use --add, 
[info] but for now we'll just set up a default project.
[info] 
[debug] [2025-04-02T18:25:55.998Z] Checked if tokens are valid: false, expires at: 1743602640593
[debug] [2025-04-02T18:25:55.998Z] Checked if tokens are valid: false, expires at: 1743602640593
[debug] [2025-04-02T18:25:55.998Z] > refreshing access token with scopes: []
[debug] [2025-04-02T18:25:56.000Z] >>> [apiv2][query] POST https://www.googleapis.com/oauth2/v3/token [none]
[debug] [2025-04-02T18:25:56.001Z] >>> [apiv2][body] POST https://www.googleapis.com/oauth2/v3/token [omitted]
[debug] [2025-04-02T18:25:56.724Z] <<< [apiv2][status] POST https://www.googleapis.com/oauth2/v3/token 200
[debug] [2025-04-02T18:25:56.724Z] <<< [apiv2][body] POST https://www.googleapis.com/oauth2/v3/token [omitted]
[debug] [2025-04-02T18:25:56.733Z] >>> [apiv2][query] GET https://firebase.googleapis.com/v1beta1/projects pageSize=100
[debug] [2025-04-02T18:25:57.710Z] <<< [apiv2][status] GET https://firebase.googleapis.com/v1beta1/projects 200
[debug] [2025-04-02T18:25:57.710Z] <<< [apiv2][body] GET https://firebase.googleapis.com/v1beta1/projects [omitted]
[info] i  Using project sports-edu-ad6ff (sports-edu) 
[info] 
=== Firestore Setup
[debug] [2025-04-02T18:26:02.282Z] Checked if tokens are valid: true, expires at: 1743621955724
[debug] [2025-04-02T18:26:02.282Z] Checked if tokens are valid: true, expires at: 1743621955724
[debug] [2025-04-02T18:26:02.283Z] >>> [apiv2][query] GET https://serviceusage.googleapis.com/v1/projects/sports-edu-ad6ff/services/firestore.googleapis.com [none]
[debug] [2025-04-02T18:26:02.283Z] >>> [apiv2][(partial)header] GET https://serviceusage.googleapis.com/v1/projects/sports-edu-ad6ff/services/firestore.googleapis.com x-goog-quota-user=projects/sports-edu-ad6ff
[debug] [2025-04-02T18:26:04.236Z] <<< [apiv2][status] GET https://serviceusage.googleapis.com/v1/projects/sports-edu-ad6ff/services/firestore.googleapis.com 200
[debug] [2025-04-02T18:26:04.236Z] <<< [apiv2][body] GET https://serviceusage.googleapis.com/v1/projects/sports-edu-ad6ff/services/firestore.googleapis.com [omitted]
[debug] [2025-04-02T18:26:04.237Z] Checked if tokens are valid: true, expires at: 1743621955724
[debug] [2025-04-02T18:26:04.237Z] Checked if tokens are valid: true, expires at: 1743621955724
[debug] [2025-04-02T18:26:04.237Z] >>> [apiv2][query] GET https://firestore.googleapis.com/v1/projects/sports-edu-ad6ff/databases/(default) [none]
[debug] [2025-04-02T18:26:06.240Z] <<< [apiv2][status] GET https://firestore.googleapis.com/v1/projects/sports-edu-ad6ff/databases/(default) 200
[debug] [2025-04-02T18:26:06.241Z] <<< [apiv2][body] GET https://firestore.googleapis.com/v1/projects/sports-edu-ad6ff/databases/(default) {"name":"projects/sports-edu-ad6ff/databases/(default)","uid":"b22daf3e-91e5-4fcb-b88c-6242c83c2fc3","createTime":"2025-03-27T09:09:24.653219Z","updateTime":"2025-03-27T09:09:24.653219Z","locationId":"nam5","type":"FIRESTORE_NATIVE","concurrencyMode":"PESSIMISTIC","versionRetentionPeriod":"3600s","earliestVersionTime":"2025-04-02T17:26:08.476428Z","appEngineIntegrationMode":"DISABLED","keyPrefix":"s","pointInTimeRecoveryEnablement":"POINT_IN_TIME_RECOVERY_DISABLED","deleteProtectionState":"DELETE_PROTECTION_DISABLED","databaseEdition":"STANDARD","freeTier":true,"etag":"IOCj6Mv8uYwDMIyJhJP1qYwD"}
[debug] [2025-04-02T18:26:06.241Z] database_type: FIRESTORE_NATIVE
[debug] [2025-04-02T18:26:06.241Z] database_type: FIRESTORE_NATIVE
[debug] [2025-04-02T18:26:06.241Z] > command requires scopes: ["email","openid","https://www.googleapis.com/auth/cloudplatformprojects.readonly","https://www.googleapis.com/auth/firebase","https://www.googleapis.com/auth/cloud-platform"]
[debug] [2025-04-02T18:26:06.241Z] > authorizing via signed-in user (fistonfle04@gmail.com)
[debug] [2025-04-02T18:26:06.241Z] [iam] checking project sports-edu-ad6ff for permissions ["firebase.projects.get"]
[debug] [2025-04-02T18:26:06.242Z] Checked if tokens are valid: true, expires at: 1743621955724
[debug] [2025-04-02T18:26:06.242Z] Checked if tokens are valid: true, expires at: 1743621955724
[debug] [2025-04-02T18:26:06.242Z] >>> [apiv2][query] POST https://cloudresourcemanager.googleapis.com/v1/projects/sports-edu-ad6ff:testIamPermissions [none]
[debug] [2025-04-02T18:26:06.242Z] >>> [apiv2][(partial)header] POST https://cloudresourcemanager.googleapis.com/v1/projects/sports-edu-ad6ff:testIamPermissions x-goog-quota-user=projects/sports-edu-ad6ff
[debug] [2025-04-02T18:26:06.242Z] >>> [apiv2][body] POST https://cloudresourcemanager.googleapis.com/v1/projects/sports-edu-ad6ff:testIamPermissions {"permissions":["firebase.projects.get"]}
[debug] [2025-04-02T18:26:08.043Z] <<< [apiv2][status] POST https://cloudresourcemanager.googleapis.com/v1/projects/sports-edu-ad6ff:testIamPermissions 200
[debug] [2025-04-02T18:26:08.044Z] <<< [apiv2][body] POST https://cloudresourcemanager.googleapis.com/v1/projects/sports-edu-ad6ff:testIamPermissions {"permissions":["firebase.projects.get"]}
[info] 
[info] Firestore Security Rules allow you to define how and when to allow
[info] requests. You can keep these rules in your project directory
[info] and publish them with firebase deploy.
[info] 
[debug] [2025-04-02T18:26:13.684Z] Checked if tokens are valid: true, expires at: 1743621955724
[debug] [2025-04-02T18:26:13.685Z] Checked if tokens are valid: true, expires at: 1743621955724
[debug] [2025-04-02T18:26:13.685Z] >>> [apiv2][query] GET https://firebaserules.googleapis.com/v1/projects/sports-edu-ad6ff/releases pageSize=10&pageToken=
[debug] [2025-04-02T18:26:14.501Z] <<< [apiv2][status] GET https://firebaserules.googleapis.com/v1/projects/sports-edu-ad6ff/releases 200
[debug] [2025-04-02T18:26:14.501Z] <<< [apiv2][body] GET https://firebaserules.googleapis.com/v1/projects/sports-edu-ad6ff/releases {"releases":[{"name":"projects/sports-edu-ad6ff/releases/cloud.firestore","rulesetName":"projects/sports-edu-ad6ff/rulesets/85c16143-25fc-4d01-8aa4-c98812b710e3","createTime":"2025-03-27T09:09:31.357288Z","updateTime":"2025-03-27T09:09:31.357288Z"}]}
[debug] [2025-04-02T18:26:14.501Z] Found ruleset: projects/sports-edu-ad6ff/rulesets/85c16143-25fc-4d01-8aa4-c98812b710e3
[debug] [2025-04-02T18:26:14.501Z] Checked if tokens are valid: true, expires at: 1743621955724
[debug] [2025-04-02T18:26:14.502Z] Checked if tokens are valid: true, expires at: 1743621955724
[debug] [2025-04-02T18:26:14.502Z] >>> [apiv2][query] GET https://firebaserules.googleapis.com/v1/projects/sports-edu-ad6ff/rulesets/85c16143-25fc-4d01-8aa4-c98812b710e3 [none]
[debug] [2025-04-02T18:26:14.828Z] <<< [apiv2][status] GET https://firebaserules.googleapis.com/v1/projects/sports-edu-ad6ff/rulesets/85c16143-25fc-4d01-8aa4-c98812b710e3 200
[debug] [2025-04-02T18:26:14.828Z] <<< [apiv2][body] GET https://firebaserules.googleapis.com/v1/projects/sports-edu-ad6ff/rulesets/85c16143-25fc-4d01-8aa4-c98812b710e3 [omitted]
[info] 
[info] Firestore indexes allow you to perform complex queries while
[info] maintaining performance that scales with the size of the result
[info] set. You can keep index definitions in your project directory
[info] and publish them with firebase deploy.
[info] 
[debug] [2025-04-02T18:26:24.460Z] Checked if tokens are valid: true, expires at: 1743621955724
[debug] [2025-04-02T18:26:24.460Z] Checked if tokens are valid: true, expires at: 1743621955724
[debug] [2025-04-02T18:26:24.460Z] Checked if tokens are valid: true, expires at: 1743621955724
[debug] [2025-04-02T18:26:24.461Z] Checked if tokens are valid: true, expires at: 1743621955724
[debug] [2025-04-02T18:26:24.461Z] >>> [apiv2][query] GET https://firestore.googleapis.com/v1/projects/sports-edu-ad6ff/databases/(default)/collectionGroups/-/indexes [none]
[debug] [2025-04-02T18:26:24.463Z] >>> [apiv2][query] GET https://firestore.googleapis.com/v1/projects/sports-edu-ad6ff/databases/(default)/collectionGroups/-/fields?filter=indexConfig.usesAncestorConfig=false OR ttlConfig:* [none]
[debug] [2025-04-02T18:26:26.187Z] <<< [apiv2][status] GET https://firestore.googleapis.com/v1/projects/sports-edu-ad6ff/databases/(default)/collectionGroups/-/indexes 200
[debug] [2025-04-02T18:26:26.187Z] <<< [apiv2][body] GET https://firestore.googleapis.com/v1/projects/sports-edu-ad6ff/databases/(default)/collectionGroups/-/indexes {}
[debug] [2025-04-02T18:26:26.188Z] <<< [apiv2][status] GET https://firestore.googleapis.com/v1/projects/sports-edu-ad6ff/databases/(default)/collectionGroups/-/fields?filter=indexConfig.usesAncestorConfig=false OR ttlConfig:* 200
[debug] [2025-04-02T18:26:26.188Z] <<< [apiv2][body] GET https://firestore.googleapis.com/v1/projects/sports-edu-ad6ff/databases/(default)/collectionGroups/-/fields?filter=indexConfig.usesAncestorConfig=false OR ttlConfig:* {"fields":[{"name":"projects/sports-edu-ad6ff/databases/(default)/collectionGroups/__default__/fields/*","indexConfig":{"indexes":[{"queryScope":"COLLECTION","fields":[{"fieldPath":"*","order":"ASCENDING"}],"state":"READY"},{"queryScope":"COLLECTION","fields":[{"fieldPath":"*","order":"DESCENDING"}],"state":"READY"},{"queryScope":"COLLECTION","fields":[{"fieldPath":"*","arrayConfig":"CONTAINS"}],"state":"READY"}]}}]}
[info] 
=== Functions Setup
[debug] [2025-04-02T18:26:26.190Z] > command requires scopes: ["email","openid","https://www.googleapis.com/auth/cloudplatformprojects.readonly","https://www.googleapis.com/auth/firebase","https://www.googleapis.com/auth/cloud-platform"]
[debug] [2025-04-02T18:26:26.191Z] > authorizing via signed-in user (fistonfle04@gmail.com)
[debug] [2025-04-02T18:26:26.191Z] [iam] checking project sports-edu-ad6ff for permissions ["firebase.projects.get"]
[debug] [2025-04-02T18:26:26.191Z] Checked if tokens are valid: true, expires at: 1743621955724
[debug] [2025-04-02T18:26:26.191Z] Checked if tokens are valid: true, expires at: 1743621955724
[debug] [2025-04-02T18:26:26.191Z] >>> [apiv2][query] POST https://cloudresourcemanager.googleapis.com/v1/projects/sports-edu-ad6ff:testIamPermissions [none]
[debug] [2025-04-02T18:26:26.191Z] >>> [apiv2][(partial)header] POST https://cloudresourcemanager.googleapis.com/v1/projects/sports-edu-ad6ff:testIamPermissions x-goog-quota-user=projects/sports-edu-ad6ff
[debug] [2025-04-02T18:26:26.191Z] >>> [apiv2][body] POST https://cloudresourcemanager.googleapis.com/v1/projects/sports-edu-ad6ff:testIamPermissions {"permissions":["firebase.projects.get"]}
[debug] [2025-04-02T18:26:27.807Z] <<< [apiv2][status] POST https://cloudresourcemanager.googleapis.com/v1/projects/sports-edu-ad6ff:testIamPermissions 200
[debug] [2025-04-02T18:26:27.807Z] <<< [apiv2][body] POST https://cloudresourcemanager.googleapis.com/v1/projects/sports-edu-ad6ff:testIamPermissions {"permissions":["firebase.projects.get"]}
[debug] [2025-04-02T18:26:27.807Z] Checked if tokens are valid: true, expires at: 1743621955724
[debug] [2025-04-02T18:26:27.807Z] Checked if tokens are valid: true, expires at: 1743621955724
[debug] [2025-04-02T18:26:27.807Z] Checked if tokens are valid: true, expires at: 1743621955724
[debug] [2025-04-02T18:26:27.807Z] Checked if tokens are valid: true, expires at: 1743621955724
[debug] [2025-04-02T18:26:27.807Z] >>> [apiv2][query] GET https://serviceusage.googleapis.com/v1/projects/sports-edu-ad6ff/services/cloudfunctions.googleapis.com [none]
[debug] [2025-04-02T18:26:27.808Z] >>> [apiv2][(partial)header] GET https://serviceusage.googleapis.com/v1/projects/sports-edu-ad6ff/services/cloudfunctions.googleapis.com x-goog-quota-user=projects/sports-edu-ad6ff
[debug] [2025-04-02T18:26:27.810Z] >>> [apiv2][query] GET https://serviceusage.googleapis.com/v1/projects/sports-edu-ad6ff/services/runtimeconfig.googleapis.com [none]
[debug] [2025-04-02T18:26:27.810Z] >>> [apiv2][(partial)header] GET https://serviceusage.googleapis.com/v1/projects/sports-edu-ad6ff/services/runtimeconfig.googleapis.com x-goog-quota-user=projects/sports-edu-ad6ff
[debug] [2025-04-02T18:26:29.576Z] <<< [apiv2][status] GET https://serviceusage.googleapis.com/v1/projects/sports-edu-ad6ff/services/runtimeconfig.googleapis.com 200
[debug] [2025-04-02T18:26:29.576Z] <<< [apiv2][body] GET https://serviceusage.googleapis.com/v1/projects/sports-edu-ad6ff/services/runtimeconfig.googleapis.com [omitted]
[debug] [2025-04-02T18:26:29.752Z] <<< [apiv2][status] GET https://serviceusage.googleapis.com/v1/projects/sports-edu-ad6ff/services/cloudfunctions.googleapis.com 200
[debug] [2025-04-02T18:26:29.752Z] <<< [apiv2][body] GET https://serviceusage.googleapis.com/v1/projects/sports-edu-ad6ff/services/cloudfunctions.googleapis.com [omitted]
[debug] [2025-04-02T18:26:29.752Z] Checked if tokens are valid: true, expires at: 1743621955724
[debug] [2025-04-02T18:26:29.753Z] Checked if tokens are valid: true, expires at: 1743621955724
[debug] [2025-04-02T18:26:29.753Z] >>> [apiv2][query] POST https://serviceusage.googleapis.com/v1/projects/sports-edu-ad6ff/services/cloudfunctions.googleapis.com:enable [none]
[debug] [2025-04-02T18:26:29.753Z] >>> [apiv2][(partial)header] POST https://serviceusage.googleapis.com/v1/projects/sports-edu-ad6ff/services/cloudfunctions.googleapis.com:enable x-goog-quota-user=projects/sports-edu-ad6ff
[debug] [2025-04-02T18:26:31.531Z] <<< [apiv2][status] POST https://serviceusage.googleapis.com/v1/projects/sports-edu-ad6ff/services/cloudfunctions.googleapis.com:enable 200
[debug] [2025-04-02T18:26:31.531Z] <<< [apiv2][body] POST https://serviceusage.googleapis.com/v1/projects/sports-edu-ad6ff/services/cloudfunctions.googleapis.com:enable [omitted]
[debug] [2025-04-02T18:26:41.534Z] Checked if tokens are valid: true, expires at: 1743621955724
[debug] [2025-04-02T18:26:41.534Z] Checked if tokens are valid: true, expires at: 1743621955724
[debug] [2025-04-02T18:26:41.535Z] >>> [apiv2][query] GET https://serviceusage.googleapis.com/v1/projects/sports-edu-ad6ff/services/cloudfunctions.googleapis.com [none]
[debug] [2025-04-02T18:26:41.535Z] >>> [apiv2][(partial)header] GET https://serviceusage.googleapis.com/v1/projects/sports-edu-ad6ff/services/cloudfunctions.googleapis.com x-goog-quota-user=projects/sports-edu-ad6ff
[debug] [2025-04-02T18:26:43.208Z] <<< [apiv2][status] GET https://serviceusage.googleapis.com/v1/projects/sports-edu-ad6ff/services/cloudfunctions.googleapis.com 200
[debug] [2025-04-02T18:26:43.208Z] <<< [apiv2][body] GET https://serviceusage.googleapis.com/v1/projects/sports-edu-ad6ff/services/cloudfunctions.googleapis.com [omitted]
[info] Let's create a new codebase for your functions.
[info] A directory corresponding to the codebase will be created in your project
[info] with sample code pre-configured.

[info] See https://firebase.google.com/docs/functions/organize-functions for
[info] more information on organizing your functions using codebases.

[info] Functions can be deployed with firebase deploy.

[info] +  Wrote functions/package.json 
[info] +  Wrote functions/.eslintrc.js 
[info] +  Wrote functions/tsconfig.json 
[info] +  Wrote functions/tsconfig.dev.json 
[info] +  Wrote functions/src/index.ts 
[info] +  Wrote functions/.gitignore 
[info] 
=== Hosting Setup
[debug] [2025-04-02T18:28:43.351Z] Checked if tokens are valid: true, expires at: 1743621955724
[debug] [2025-04-02T18:28:43.352Z] Checked if tokens are valid: true, expires at: 1743621955724
[debug] [2025-04-02T18:28:43.352Z] >>> [apiv2][query] GET https://firebase.googleapis.com/v1beta1/projects/sports-edu-ad6ff [none]
[debug] [2025-04-02T18:28:45.156Z] <<< [apiv2][status] GET https://firebase.googleapis.com/v1beta1/projects/sports-edu-ad6ff 200
[debug] [2025-04-02T18:28:45.156Z] <<< [apiv2][body] GET https://firebase.googleapis.com/v1beta1/projects/sports-edu-ad6ff {"projectId":"sports-edu-ad6ff","projectNumber":"613176637186","displayName":"sports-edu","name":"projects/sports-edu-ad6ff","resources":{"hostingSite":"sports-edu-ad6ff"},"state":"ACTIVE","etag":"1_ac6a9931-acd7-4bb5-893c-c601429abd97"}
[info] 
[info] Your public directory is the folder (relative to your project directory) that
[info] will contain Hosting assets to be uploaded with firebase deploy. If you
[info] have a build process for your assets, use your build's output directory.
[info] 
[debug] [2025-04-02T18:29:54.988Z] >>> [apiv2][query] GET https://www.gstatic.com/firebasejs/releases.json [none]
[debug] [2025-04-02T18:29:55.221Z] <<< [apiv2][status] GET https://www.gstatic.com/firebasejs/releases.json 200
[debug] [2025-04-02T18:29:55.221Z] <<< [apiv2][body] GET https://www.gstatic.com/firebasejs/releases.json {"current":{"version":"11.6.0","browserURL":"https://www.gstatic.com/firebasejs/11.6.0/firebase.js","packageURL":"https://www.gstatic.com/firebasejs/11.6.0/firebase.tgz"},"live":{"version":"11.6","browserURL":"https://www.gstatic.com/firebasejs/live/11.6/firebase.js","packageURL":"https://www.gstatic.com/firebasejs/live/11.6/firebase.tgz"},"components":{"analytics":"https://www.gstatic.com/firebasejs/11.6.0/firebase-analytics.js","app":"https://www.gstatic.com/firebasejs/11.6.0/firebase-app.js","app-check":"https://www.gstatic.com/firebasejs/11.6.0/firebase-app-check.js","auth":"https://www.gstatic.com/firebasejs/11.6.0/firebase-auth.js","auth/cordova":"https://www.gstatic.com/firebasejs/11.6.0/firebase-auth/cordova.js","auth/web-extension":"https://www.gstatic.com/firebasejs/11.6.0/firebase-auth/web-extension.js","functions":"https://www.gstatic.com/firebasejs/11.6.0/firebase-functions.js","firestore":"https://www.gstatic.com/firebasejs/11.6.0/firebase-firestore.js","firestore/lite":"https://www.gstatic.com/firebasejs/11.6.0/firebase-firestore/lite.js","installations":"https://www.gstatic.com/firebasejs/11.6.0/firebase-installations.js","storage":"https://www.gstatic.com/firebasejs/11.6.0/firebase-storage.js","performance":"https://www.gstatic.com/firebasejs/11.6.0/firebase-performance.js","remote-config":"https://www.gstatic.com/firebasejs/11.6.0/firebase-remote-config.js","messaging":"https://www.gstatic.com/firebasejs/11.6.0/firebase-messaging.js","messaging/sw":"https://www.gstatic.com/firebasejs/11.6.0/firebase-messaging/sw.js","database":"https://www.gstatic.com/firebasejs/11.6.0/firebase-database.js","vertexai":"https://www.gstatic.com/firebasejs/11.6.0/firebase-vertexai.js","data-connect":"https://www.gstatic.com/firebasejs/11.6.0/firebase-data-connect.js","firestore.memory":"https://www.gstatic.com/firebasejs/11.6.0/firebase-firestore.memory.js"}}
[info] +  Wrote public/index.html 
[info] 
[info] i  Detected a .git folder at C:\Users\User\Documents\ALU-COURSES\gym-management-system 
[info] i  Authorizing with GitHub to upload your service account to a GitHub repository's secrets store. 
[info] 
[info] Visit this URL on this device to log in:
[info] https://github.com/login/oauth/authorize?client_id=89cf50f02ac6aaed3484&state=310795612&redirect_uri=http%3A%2F%2Flocalhost%3A9005&scope=read%3Auser%20repo%20public_repo
[info] 
[info] Waiting for authentication...
[debug] [2025-04-02T18:30:38.771Z] >>> [apiv2][query] POST https://github.com/login/oauth/access_token [none]
[debug] [2025-04-02T18:30:38.771Z] >>> [apiv2][body] POST https://github.com/login/oauth/access_token [stream]
[debug] [2025-04-02T18:30:39.408Z] <<< [apiv2][status] POST https://github.com/login/oauth/access_token 200
[debug] [2025-04-02T18:30:39.408Z] <<< [apiv2][body] POST https://github.com/login/oauth/access_token {"access_token":"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","token_type":"bearer","scope":"read:user,repo"}
[debug] [2025-04-02T18:30:39.410Z] >>> [apiv2][query] GET https://api.github.com/user [none]
[debug] [2025-04-02T18:30:40.057Z] <<< [apiv2][status] GET https://api.github.com/user 200
[debug] [2025-04-02T18:30:40.057Z] <<< [apiv2][body] GET https://api.github.com/user {"login":"fistonfle","id":76660182,"node_id":"MDQ6VXNlcjc2NjYwMTgy","avatar_url":"https://avatars.githubusercontent.com/u/76660182?v=4","gravatar_id":"","url":"https://api.github.com/users/fistonfle","html_url":"https://github.com/fistonfle","followers_url":"https://api.github.com/users/fistonfle/followers","following_url":"https://api.github.com/users/fistonfle/following{/other_user}","gists_url":"https://api.github.com/users/fistonfle/gists{/gist_id}","starred_url":"https://api.github.com/users/fistonfle/starred{/owner}{/repo}","subscriptions_url":"https://api.github.com/users/fistonfle/subscriptions","organizations_url":"https://api.github.com/users/fistonfle/orgs","repos_url":"https://api.github.com/users/fistonfle/repos","events_url":"https://api.github.com/users/fistonfle/events{/privacy}","received_events_url":"https://api.github.com/users/fistonfle/received_events","type":"User","user_view_type":"private","site_admin":false,"name":"Fiston Nshimiyandinze","company":null,"blog":"","location":null,"email":null,"hireable":null,"bio":"Full Stack Developer","twitter_username":null,"notification_email":null,"public_repos":24,"public_gists":0,"followers":17,"following":18,"created_at":"2020-12-27T17:38:21Z","updated_at":"2025-03-30T11:44:00Z","private_gists":0,"total_private_repos":13,"owned_private_repos":13,"disk_usage":58258,"collaborators":5,"two_factor_authentication":true,"plan":{"name":"pro","space":976562499,"collaborators":0,"private_repos":9999}}
[info] 
[info] +  Success! Logged into GitHub as fistonfle 
[info] 
[debug] [2025-04-02T18:30:57.956Z] >>> [apiv2][query] GET https://api.github.com/repos//actions/secrets/public-key type=owner
[debug] [2025-04-02T18:30:58.464Z] <<< [apiv2][status] GET https://api.github.com/repos//actions/secrets/public-key 404
[debug] [2025-04-02T18:30:58.465Z] <<< [apiv2][body] GET https://api.github.com/repos//actions/secrets/public-key {"message":"Not Found","documentation_url":"https://docs.github.com/rest","status":"404"}
[info] 
[info] 
[error] !  The provided authorization cannot be used with this repository. If this repository is in an organization, did you remember to grant access? 
[info] 
[info] i  Action required: Visit this URL to ensure access has been granted to the appropriate organization(s) for the Firebase CLI GitHub OAuth App: 
[info] https://github.com/settings/connections/applications/89cf50f02ac6aaed3484
[info] 
[debug] [2025-04-02T18:31:03.042Z] >>> [apiv2][query] GET https://api.github.com/repos//actions/secrets/public-key type=owner
[debug] [2025-04-02T18:31:03.381Z] <<< [apiv2][status] GET https://api.github.com/repos//actions/secrets/public-key 404
[debug] [2025-04-02T18:31:03.381Z] <<< [apiv2][body] GET https://api.github.com/repos//actions/secrets/public-key {"message":"Not Found","documentation_url":"https://docs.github.com/rest","status":"404"}
[info] 
[info] 
[error] !  The provided authorization cannot be used with this repository. If this repository is in an organization, did you remember to grant access? 
[info] 
[info] i  Action required: Visit this URL to ensure access has been granted to the appropriate organization(s) for the Firebase CLI GitHub OAuth App: 
[info] https://github.com/settings/connections/applications/89cf50f02ac6aaed3484
[info] 
[debug] [2025-04-02T18:31:08.003Z] >>> [apiv2][query] GET https://api.github.com/repos//actions/secrets/public-key type=owner
[debug] [2025-04-02T18:31:08.337Z] <<< [apiv2][status] GET https://api.github.com/repos//actions/secrets/public-key 404
[debug] [2025-04-02T18:31:08.337Z] <<< [apiv2][body] GET https://api.github.com/repos//actions/secrets/public-key {"message":"Not Found","documentation_url":"https://docs.github.com/rest","status":"404"}
[info] 
[info] 
[error] !  The provided authorization cannot be used with this repository. If this repository is in an organization, did you remember to grant access? 
[info] 
[info] i  Action required: Visit this URL to ensure access has been granted to the appropriate organization(s) for the Firebase CLI GitHub OAuth App: 
[info] https://github.com/settings/connections/applications/89cf50f02ac6aaed3484
[info] 
[debug] [2025-04-02T18:31:10.131Z] >>> [apiv2][query] GET https://api.github.com/repos//actions/secrets/public-key type=owner
[debug] [2025-04-02T18:31:10.466Z] <<< [apiv2][status] GET https://api.github.com/repos//actions/secrets/public-key 404
[debug] [2025-04-02T18:31:10.466Z] <<< [apiv2][body] GET https://api.github.com/repos//actions/secrets/public-key {"message":"Not Found","documentation_url":"https://docs.github.com/rest","status":"404"}
[info] 
[info] 
[error] !  The provided authorization cannot be used with this repository. If this repository is in an organization, did you remember to grant access? 
[info] 
[info] i  Action required: Visit this URL to ensure access has been granted to the appropriate organization(s) for the Firebase CLI GitHub OAuth App: 
[info] https://github.com/settings/connections/applications/89cf50f02ac6aaed3484
[info] 
[debug] [2025-04-02T18:31:11.309Z] >>> [apiv2][query] GET https://api.github.com/repos//actions/secrets/public-key type=owner
[debug] [2025-04-02T18:31:11.638Z] <<< [apiv2][status] GET https://api.github.com/repos//actions/secrets/public-key 404
[debug] [2025-04-02T18:31:11.638Z] <<< [apiv2][body] GET https://api.github.com/repos//actions/secrets/public-key {"message":"Not Found","documentation_url":"https://docs.github.com/rest","status":"404"}
[info] 
[info] 
[error] !  The provided authorization cannot be used with this repository. If this repository is in an organization, did you remember to grant access? 
[info] 
[info] i  Action required: Visit this URL to ensure access has been granted to the appropriate organization(s) for the Firebase CLI GitHub OAuth App: 
[info] https://github.com/settings/connections/applications/89cf50f02ac6aaed3484
[info] 
[debug] [2025-04-02T18:31:12.580Z] >>> [apiv2][query] GET https://api.github.com/repos//actions/secrets/public-key type=owner
[debug] [2025-04-02T18:31:12.911Z] <<< [apiv2][status] GET https://api.github.com/repos//actions/secrets/public-key 404
[debug] [2025-04-02T18:31:12.911Z] <<< [apiv2][body] GET https://api.github.com/repos//actions/secrets/public-key {"message":"Not Found","documentation_url":"https://docs.github.com/rest","status":"404"}
[info] 
[info] 
[error] !  The provided authorization cannot be used with this repository. If this repository is in an organization, did you remember to grant access? 
[info] 
[info] i  Action required: Visit this URL to ensure access has been granted to the appropriate organization(s) for the Firebase CLI GitHub OAuth App: 
[info] https://github.com/settings/connections/applications/89cf50f02ac6aaed3484
[info] 
[debug] [2025-04-02T18:31:13.744Z] >>> [apiv2][query] GET https://api.github.com/repos//actions/secrets/public-key type=owner
[debug] [2025-04-02T18:31:14.085Z] <<< [apiv2][status] GET https://api.github.com/repos//actions/secrets/public-key 404
[debug] [2025-04-02T18:31:14.085Z] <<< [apiv2][body] GET https://api.github.com/repos//actions/secrets/public-key {"message":"Not Found","documentation_url":"https://docs.github.com/rest","status":"404"}
[info] 
[info] 
[error] !  The provided authorization cannot be used with this repository. If this repository is in an organization, did you remember to grant access? 
[info] 
[info] i  Action required: Visit this URL to ensure access has been granted to the appropriate organization(s) for the Firebase CLI GitHub OAuth App: 
[info] https://github.com/settings/connections/applications/89cf50f02ac6aaed3484
[info] 
[debug] [2025-04-02T18:34:00.720Z] >>> [apiv2][query] GET https://api.github.com/repos//actions/secrets/public-key type=owner
[debug] [2025-04-02T18:34:01.321Z] <<< [apiv2][status] GET https://api.github.com/repos//actions/secrets/public-key 404
[debug] [2025-04-02T18:34:01.321Z] <<< [apiv2][body] GET https://api.github.com/repos//actions/secrets/public-key {"message":"Not Found","documentation_url":"https://docs.github.com/rest","status":"404"}
[info] 
[info] 
[error] !  The provided authorization cannot be used with this repository. If this repository is in an organization, did you remember to grant access? 
[info] 
[info] i  Action required: Visit this URL to ensure access has been granted to the appropriate organization(s) for the Firebase CLI GitHub OAuth App: 
[info] https://github.com/settings/connections/applications/89cf50f02ac6aaed3484
[info] 
